#
# There is insufficient memory for the Java Runtime Environment to continue.
# Native memory allocation (malloc) failed to allocate 1824160 bytes for Chunk::new
# Possible reasons:
#   The system is out of physical RAM or swap space
#   The process is running with CompressedOops enabled, and the Java Heap may be blocking the growth of the native heap
# Possible solutions:
#   Reduce memory load on the system
#   Increase physical memory or swap space
#   Check if swap backing store is full
#   Decrease Java heap size (-Xmx/-Xms)
#   Decrease number of Java threads
#   Decrease Java thread stack sizes (-Xss)
#   Set larger code cache with -XX:ReservedCodeCacheSize=
#   JVM is running with Unscaled Compressed Oops mode in which the Java heap is
#     placed in the first 4GB address space. The Java Heap base address is the
#     maximum limit for the native heap growth. Please use -XX:HeapBaseMinAddress
#     to set the Java Heap base and to place the Java Heap above 4GB virtual address.
# This output file may be truncated or incomplete.
#
#  Out of Memory Error (allocation.cpp:389), pid=8032, tid=0x0000000000002cb8
#
# JRE version: OpenJDK Runtime Environment (8.0_212-b04) (build 1.8.0_212-release-1586-b04)
# Java VM: OpenJDK 64-Bit Server VM (25.212-b04 mixed mode windows-amd64 compressed oops)
# Failed to write core dump. Minidumps are not enabled by default on client versions of Windows
#

---------------  T H R E A D  ---------------

Current thread (0x0000000018af2000):  JavaThread "C2 CompilerThread2" daemon [_thread_in_native, id=11448, stack(0x00000000195c0000,0x00000000196c0000)]

Stack: [0x00000000195c0000,0x00000000196c0000]
[error occurred during error reporting (printing stack bounds), id 0xc0000005]

Native frames: (J=compiled Java code, j=interpreted, Vv=VM code, C=native code)


Current CompileTask:
C2:   3371 1398       4       java.net.URLClassLoader$1::run (5 bytes)


---------------  P R O C E S S  ---------------

Java Threads: ( => current thread )
  0x000000001a2e5000 JavaThread "Cache worker for file hash cache (C:\Users\user\AndroidStudioProjects\TourandTravels\.gradle\5.6.4\fileHashes)" [_thread_blocked, id=4216, stack(0x000000001ff40000,0x0000000020040000)]
  0x000000001a2e6800 JavaThread "Cache worker for journal cache (C:\Users\user\.gradle\caches\journal-1)" [_thread_blocked, id=4256, stack(0x000000001d900000,0x000000001da00000)]
  0x000000001a2e7800 JavaThread "File lock request listener" [_thread_in_native, id=2372, stack(0x000000001d800000,0x000000001d900000)]
  0x000000001a4bc800 JavaThread "Cache worker for file hash cache (C:\Users\user\.gradle\caches\5.6.4\fileHashes)" [_thread_blocked, id=2368, stack(0x000000001d700000,0x000000001d800000)]
  0x000000001b865800 JavaThread "Thread-9" [_thread_blocked, id=2364, stack(0x000000001d400000,0x000000001d500000)]
  0x000000001b7e5800 JavaThread "Stdin handler" [_thread_blocked, id=2360, stack(0x000000001d300000,0x000000001d400000)]
  0x000000001b853000 JavaThread "Asynchronous log dispatcher for DefaultDaemonConnection: socket connection from /127.0.0.1:1618 to /127.0.0.1:1619" [_thread_blocked, id=2180, stack(0x000000001d100000,0x000000001d200000)]
  0x000000001b840000 JavaThread "Daemon worker" [_thread_in_vm, id=4476, stack(0x000000001d000000,0x000000001d100000)]
  0x000000001b83f000 JavaThread "Cancel handler" [_thread_blocked, id=8412, stack(0x000000001cf00000,0x000000001d000000)]
  0x000000001b78d800 JavaThread "Handler for socket connection from /127.0.0.1:1618 to /127.0.0.1:1619" [_thread_in_native, id=2864, stack(0x000000001cc00000,0x000000001cd00000)]
  0x0000000019a9b800 JavaThread "Daemon" [_thread_blocked, id=10220, stack(0x000000001cb00000,0x000000001cc00000)]
  0x0000000018bf0000 JavaThread "Daemon periodic checks" [_thread_blocked, id=6620, stack(0x000000001ca00000,0x000000001cb00000)]
  0x0000000018bed800 JavaThread "Incoming local TCP Connector on port 1618" [_thread_in_native, id=3384, stack(0x000000001c7c0000,0x000000001c8c0000)]
  0x0000000018d8e800 JavaThread "Daemon health stats" [_thread_blocked, id=11852, stack(0x000000001b190000,0x000000001b290000)]
  0x0000000018b7d000 JavaThread "Service Thread" daemon [_thread_blocked, id=9468, stack(0x00000000197c0000,0x00000000198c0000)]
  0x0000000018b02000 JavaThread "C1 CompilerThread3" daemon [_thread_blocked, id=11316, stack(0x00000000196c0000,0x00000000197c0000)]
=>0x0000000018af2000 JavaThread "C2 CompilerThread2" daemon [_thread_in_native, id=11448, stack(0x00000000195c0000,0x00000000196c0000)]
  0x0000000018af1000 JavaThread "C2 CompilerThread1" daemon [_thread_in_native, id=9736, stack(0x00000000194c0000,0x00000000195c0000)]
  0x0000000018aeb800 JavaThread "C2 CompilerThread0" daemon [_thread_blocked, id=11692, stack(0x00000000193c0000,0x00000000194c0000)]
  0x0000000018aea800 JavaThread "Attach Listener" daemon [_thread_blocked, id=584, stack(0x00000000192c0000,0x00000000193c0000)]
  0x0000000018af6000 JavaThread "Signal Dispatcher" daemon [_thread_blocked, id=6752, stack(0x00000000191c0000,0x00000000192c0000)]
  0x0000000002f1d800 JavaThread "Finalizer" daemon [_thread_blocked, id=4684, stack(0x0000000018fc0000,0x00000000190c0000)]
  0x0000000018ae0800 JavaThread "Reference Handler" daemon [_thread_blocked, id=2688, stack(0x0000000018ec0000,0x0000000018fc0000)]
  0x0000000002d1e000 JavaThread "main" [_thread_blocked, id=4360, stack(0x0000000002d20000,0x0000000002e20000)]

Other Threads:
  0x0000000016cd8000 VMThread [stack: 0x00000000189c0000,0x0000000018ac0000] [id=10380]
  0x0000000016cee800 WatcherThread [stack: 0x00000000198c0000,0x00000000199c0000] [id=8596]

VM state:not at safepoint (normal execution)

VM Mutex/Monitor currently owned by a thread: None

heap address: 0x00000000a0000000, size: 1536 MB, Compressed Oops mode: 32-bit
Narrow klass base: 0x0000000000000000, Narrow klass shift: 3
Compressed class space size: 1073741824 Address: 0x0000000100000000

Heap:
 PSYoungGen      total 38400K, used 32554K [0x00000000e0000000, 0x00000000e4b00000, 0x0000000100000000)
  eden space 33280K, 82% used [0x00000000e0000000,0x00000000e1acea40,0x00000000e2080000)
  from space 5120K, 99% used [0x00000000e2580000,0x00000000e2a7c050,0x00000000e2a80000)
  to   space 5120K, 0% used [0x00000000e2080000,0x00000000e2080000,0x00000000e2580000)
 ParOldGen       total 87552K, used 3974K [0x00000000a0000000, 0x00000000a5580000, 0x00000000e0000000)
  object space 87552K, 4% used [0x00000000a0000000,0x00000000a03e1800,0x00000000a5580000)
 Metaspace       used 17239K, capacity 17702K, committed 18048K, reserved 1064960K
  class space    used 2480K, capacity 2627K, committed 2688K, reserved 1048576K

Card table byte_map: [0x00000000122e0000,0x00000000125f0000] byte_map_base: 0x0000000011de0000

Marking Bits: (ParMarkBitMap*) 0x0000000060b49f30
 Begin Bits: [0x0000000012ff0000, 0x00000000147f0000)
 End Bits:   [0x00000000147f0000, 0x0000000015ff0000)

Polling page: 0x0000000002ba0000

CodeCache: size=245760Kb used=5343Kb max_used=5358Kb free=240416Kb
 bounds [0x0000000002f20000, 0x0000000003460000, 0x0000000011f20000]
 total_blobs=1954 nmethods=1553 adapters=314
 compilation: enabled

Compilation events (10 events):
Event: 3.348 Thread 0x0000000018b02000 1551       3       java.util.concurrent.locks.AbstractQueuedSynchronizer::<init> (5 bytes)
Event: 3.348 Thread 0x0000000018b02000 nmethod 1551 0x00000000034543d0 code [0x0000000003454540, 0x0000000003454750]
Event: 3.348 Thread 0x0000000018b02000 1552       3       java.util.concurrent.locks.AbstractOwnableSynchronizer::<init> (5 bytes)
Event: 3.348 Thread 0x0000000018b02000 nmethod 1552 0x0000000003459d90 code [0x0000000003459ee0, 0x000000000345a090]
Event: 3.351 Thread 0x0000000018b02000 1553       3       java.lang.reflect.Method::setMethodAccessor (21 bytes)
Event: 3.351 Thread 0x0000000018b02000 nmethod 1553 0x0000000003459750 code [0x00000000034598c0, 0x0000000003459c68]
Event: 3.352 Thread 0x0000000018aeb800 1554   !   4       java.util.concurrent.ConcurrentHashMap::transfer (832 bytes)
Event: 3.354 Thread 0x0000000018b02000 1555       3       sun.reflect.NativeMethodAccessorImpl::invoke (104 bytes)
Event: 3.357 Thread 0x0000000018b02000 nmethod 1555 0x000000000344e190 code [0x000000000344e400, 0x000000000344f898]
Event: 3.369 Thread 0x0000000018aeb800 nmethod 1554 0x000000000345db10 code [0x000000000345dca0, 0x000000000345ea48]

GC Heap History (8 events):
Event: 1.172 GC heap before
{Heap before GC invocations=1 (full 0):
 PSYoungGen      total 38400K, used 33280K [0x00000000e0000000, 0x00000000e2a80000, 0x0000000100000000)
  eden space 33280K, 100% used [0x00000000e0000000,0x00000000e2080000,0x00000000e2080000)
  from space 5120K, 0% used [0x00000000e2580000,0x00000000e2580000,0x00000000e2a80000)
  to   space 5120K, 0% used [0x00000000e2080000,0x00000000e2080000,0x00000000e2580000)
 ParOldGen       total 87552K, used 0K [0x00000000a0000000, 0x00000000a5580000, 0x00000000e0000000)
  object space 87552K, 0% used [0x00000000a0000000,0x00000000a0000000,0x00000000a5580000)
 Metaspace       used 7011K, capacity 7272K, committed 7424K, reserved 1056768K
  class space    used 857K, capacity 940K, committed 1024K, reserved 1048576K
Event: 1.178 GC heap after
Heap after GC invocations=1 (full 0):
 PSYoungGen      total 38400K, used 4392K [0x00000000e0000000, 0x00000000e2a80000, 0x0000000100000000)
  eden space 33280K, 0% used [0x00000000e0000000,0x00000000e0000000,0x00000000e2080000)
  from space 5120K, 85% used [0x00000000e2080000,0x00000000e24ca2b0,0x00000000e2580000)
  to   space 5120K, 0% used [0x00000000e2580000,0x00000000e2580000,0x00000000e2a80000)
 ParOldGen       total 87552K, used 8K [0x00000000a0000000, 0x00000000a5580000, 0x00000000e0000000)
  object space 87552K, 0% used [0x00000000a0000000,0x00000000a0002000,0x00000000a5580000)
 Metaspace       used 7011K, capacity 7272K, committed 7424K, reserved 1056768K
  class space    used 857K, capacity 940K, committed 1024K, reserved 1048576K
}
Event: 1.514 GC heap before
{Heap before GC invocations=2 (full 0):
 PSYoungGen      total 38400K, used 37672K [0x00000000e0000000, 0x00000000e2a80000, 0x0000000100000000)
  eden space 33280K, 100% used [0x00000000e0000000,0x00000000e2080000,0x00000000e2080000)
  from space 5120K, 85% used [0x00000000e2080000,0x00000000e24ca2b0,0x00000000e2580000)
  to   space 5120K, 0% used [0x00000000e2580000,0x00000000e2580000,0x00000000e2a80000)
 ParOldGen       total 87552K, used 8K [0x00000000a0000000, 0x00000000a5580000, 0x00000000e0000000)
  object space 87552K, 0% used [0x00000000a0000000,0x00000000a0002000,0x00000000a5580000)
 Metaspace       used 7363K, capacity 7586K, committed 7680K, reserved 1056768K
  class space    used 913K, capacity 981K, committed 1024K, reserved 1048576K
Event: 1.519 GC heap after
Heap after GC invocations=2 (full 0):
 PSYoungGen      total 38400K, used 3517K [0x00000000e0000000, 0x00000000e4b00000, 0x0000000100000000)
  eden space 33280K, 0% used [0x00000000e0000000,0x00000000e0000000,0x00000000e2080000)
  from space 5120K, 68% used [0x00000000e2580000,0x00000000e28ef6e0,0x00000000e2a80000)
  to   space 5120K, 0% used [0x00000000e2080000,0x00000000e2080000,0x00000000e2580000)
 ParOldGen       total 87552K, used 16K [0x00000000a0000000, 0x00000000a5580000, 0x00000000e0000000)
  object space 87552K, 0% used [0x00000000a0000000,0x00000000a0004000,0x00000000a5580000)
 Metaspace       used 7363K, capacity 7586K, committed 7680K, reserved 1056768K
  class space    used 913K, capacity 981K, committed 1024K, reserved 1048576K
}
Event: 2.655 GC heap before
{Heap before GC invocations=3 (full 0):
 PSYoungGen      total 38400K, used 36797K [0x00000000e0000000, 0x00000000e4b00000, 0x0000000100000000)
  eden space 33280K, 100% used [0x00000000e0000000,0x00000000e2080000,0x00000000e2080000)
  from space 5120K, 68% used [0x00000000e2580000,0x00000000e28ef6e0,0x00000000e2a80000)
  to   space 5120K, 0% used [0x00000000e2080000,0x00000000e2080000,0x00000000e2580000)
 ParOldGen       total 87552K, used 16K [0x00000000a0000000, 0x00000000a5580000, 0x00000000e0000000)
  object space 87552K, 0% used [0x00000000a0000000,0x00000000a0004000,0x00000000a5580000)
 Metaspace       used 12423K, capacity 12786K, committed 12928K, reserved 1060864K
  class space    used 1682K, capacity 1835K, committed 1920K, reserved 1048576K
Event: 2.663 GC heap after
Heap after GC invocations=3 (full 0):
 PSYoungGen      total 38400K, used 5108K [0x00000000e0000000, 0x00000000e2a80000, 0x0000000100000000)
  eden space 33280K, 0% used [0x00000000e0000000,0x00000000e0000000,0x00000000e2080000)
  from space 5120K, 99% used [0x00000000e2080000,0x00000000e257d398,0x00000000e2580000)
  to   space 5120K, 0% used [0x00000000e2580000,0x00000000e2580000,0x00000000e2a80000)
 ParOldGen       total 87552K, used 1585K [0x00000000a0000000, 0x00000000a5580000, 0x00000000e0000000)
  object space 87552K, 1% used [0x00000000a0000000,0x00000000a018c440,0x00000000a5580000)
 Metaspace       used 12423K, capacity 12786K, committed 12928K, reserved 1060864K
  class space    used 1682K, capacity 1835K, committed 1920K, reserved 1048576K
}
Event: 2.999 GC heap before
{Heap before GC invocations=4 (full 0):
 PSYoungGen      total 38400K, used 38388K [0x00000000e0000000, 0x00000000e2a80000, 0x0000000100000000)
  eden space 33280K, 100% used [0x00000000e0000000,0x00000000e2080000,0x00000000e2080000)
  from space 5120K, 99% used [0x00000000e2080000,0x00000000e257d398,0x00000000e2580000)
  to   space 5120K, 0% used [0x00000000e2580000,0x00000000e2580000,0x00000000e2a80000)
 ParOldGen       total 87552K, used 1585K [0x00000000a0000000, 0x00000000a5580000, 0x00000000e0000000)
  object space 87552K, 1% used [0x00000000a0000000,0x00000000a018c440,0x00000000a5580000)
 Metaspace       used 14688K, capacity 15102K, committed 15232K, reserved 1062912K
  class space    used 2064K, capacity 2161K, committed 2176K, reserved 1048576K
Event: 3.010 GC heap after
Heap after GC invocations=4 (full 0):
 PSYoungGen      total 38400K, used 5104K [0x00000000e0000000, 0x00000000e4b00000, 0x0000000100000000)
  eden space 33280K, 0% used [0x00000000e0000000,0x00000000e0000000,0x00000000e2080000)
  from space 5120K, 99% used [0x00000000e2580000,0x00000000e2a7c050,0x00000000e2a80000)
  to   space 5120K, 0% used [0x00000000e2080000,0x00000000e2080000,0x00000000e2580000)
 ParOldGen       total 87552K, used 3974K [0x00000000a0000000, 0x00000000a5580000, 0x00000000e0000000)
  object space 87552K, 4% used [0x00000000a0000000,0x00000000a03e1800,0x00000000a5580000)
 Metaspace       used 14688K, capacity 15102K, committed 15232K, reserved 1062912K
  class space    used 2064K, capacity 2161K, committed 2176K, reserved 1048576K
}

Deoptimization events (10 events):
Event: 2.586 Thread 0x000000001b840000 Uncommon trap: reason=bimorphic action=maybe_recompile pc=0x000000000315a69c method=java.util.HashMap.putVal(ILjava/lang/Object;Ljava/lang/Object;ZZ)Ljava/lang/Object; @ 253
Event: 2.586 Thread 0x000000001b840000 Uncommon trap: reason=bimorphic action=maybe_recompile pc=0x000000000315a69c method=java.util.HashMap.putVal(ILjava/lang/Object;Ljava/lang/Object;ZZ)Ljava/lang/Object; @ 253
Event: 2.586 Thread 0x000000001b840000 Uncommon trap: reason=bimorphic action=maybe_recompile pc=0x000000000315a69c method=java.util.HashMap.putVal(ILjava/lang/Object;Ljava/lang/Object;ZZ)Ljava/lang/Object; @ 253
Event: 2.586 Thread 0x000000001b840000 Uncommon trap: reason=bimorphic action=maybe_recompile pc=0x0000000003153458 method=java.util.HashMap.putVal(ILjava/lang/Object;Ljava/lang/Object;ZZ)Ljava/lang/Object; @ 253
Event: 2.774 Thread 0x000000001b840000 Uncommon trap: reason=class_check action=maybe_recompile pc=0x00000000031e4098 method=java.util.regex.Matcher.match(II)Z @ 86
Event: 2.786 Thread 0x000000001b840000 Uncommon trap: reason=class_check action=maybe_recompile pc=0x00000000031e4098 method=java.util.regex.Matcher.match(II)Z @ 86
Event: 2.787 Thread 0x000000001b840000 Uncommon trap: reason=class_check action=maybe_recompile pc=0x00000000031e4098 method=java.util.regex.Matcher.match(II)Z @ 86
Event: 2.787 Thread 0x000000001b840000 Uncommon trap: reason=class_check action=maybe_recompile pc=0x0000000003090e1c method=java.util.regex.Matcher.match(II)Z @ 86
Event: 3.132 Thread 0x000000001b840000 Uncommon trap: reason=unstable_if action=reinterpret pc=0x00000000033939f4 method=java.lang.String.lastIndexOf([CII[CIII)I @ 66
Event: 3.234 Thread 0x000000001b840000 Uncommon trap: reason=unstable_if action=reinterpret pc=0x000000000338c6a4 method=java.util.HashMap.putVal(ILjava/lang/Object;Ljava/lang/Object;ZZ)Ljava/lang/Object; @ 236

Classes redefined (0 events):
No events

Internal exceptions (10 events):
Event: 2.542 Thread 0x000000001b78d800 Exception <a 'java/lang/NoSuchMethodError': <clinit>> (0x00000000e171e6b0) thrown at [D:\src\AOSP-openjdk-cygwin\jdk8u\hotspot\src\share\vm\prims\jni.cpp, line 1614]
Event: 2.544 Thread 0x000000001b78d800 Exception <a 'java/lang/NoSuchMethodError': <clinit>> (0x00000000e1736668) thrown at [D:\src\AOSP-openjdk-cygwin\jdk8u\hotspot\src\share\vm\prims\jni.cpp, line 1614]
Event: 2.545 Thread 0x000000001b78d800 Exception <a 'java/lang/NoSuchMethodError': <clinit>> (0x00000000e173f2f8) thrown at [D:\src\AOSP-openjdk-cygwin\jdk8u\hotspot\src\share\vm\prims\jni.cpp, line 1614]
Event: 2.548 Thread 0x000000001b78d800 Exception <a 'java/lang/NoSuchMethodError': <clinit>> (0x00000000e17558e0) thrown at [D:\src\AOSP-openjdk-cygwin\jdk8u\hotspot\src\share\vm\prims\jni.cpp, line 1614]
Event: 2.557 Thread 0x000000001b78d800 Exception <a 'java/lang/NoSuchMethodError': <clinit>> (0x00000000e17bea38) thrown at [D:\src\AOSP-openjdk-cygwin\jdk8u\hotspot\src\share\vm\prims\jni.cpp, line 1614]
Event: 2.562 Thread 0x000000001b78d800 Exception <a 'java/lang/NoSuchMethodError': <clinit>> (0x00000000e17eb580) thrown at [D:\src\AOSP-openjdk-cygwin\jdk8u\hotspot\src\share\vm\prims\jni.cpp, line 1614]
Event: 2.566 Thread 0x000000001b78d800 Exception <a 'java/lang/NoSuchMethodError': <clinit>> (0x00000000e1808f20) thrown at [D:\src\AOSP-openjdk-cygwin\jdk8u\hotspot\src\share\vm\prims\jni.cpp, line 1614]
Event: 3.100 Thread 0x000000001b840000 Exception <a 'java/lang/NoSuchMethodError': java.lang.Object.lambda$and$0(Ljava/util/function/Predicate;Ljava/lang/Object;)Z> (0x00000000e0581c70) thrown at [D:\src\AOSP-openjdk-cygwin\jdk8u\hotspot\src\share\vm\interpreter\linkResolver.cpp, line 620]
Event: 3.107 Thread 0x000000001b840000 Exception <a 'java/lang/IncompatibleClassChangeError': Found class java.lang.Object, but interface was expected> (0x00000000e0597f60) thrown at [D:\src\AOSP-openjdk-cygwin\jdk8u\hotspot\src\share\vm\interpreter\linkResolver.cpp, line 653]
Event: 3.109 Thread 0x000000001b840000 Exception <a 'java/lang/NoSuchMethodError': java.lang.Object.lambda$or$2(Ljava/util/function/Predicate;Ljava/lang/Object;)Z> (0x00000000e059ce70) thrown at [D:\src\AOSP-openjdk-cygwin\jdk8u\hotspot\src\share\vm\interpreter\linkResolver.cpp, line 620]

Events (10 events):
Event: 3.368 loading class kotlin/reflect/KFunction
Event: 3.368 loading class kotlin/reflect/KFunction done
Event: 3.369 loading class kotlin/jvm/internal/CallableReference$NoReceiver
Event: 3.369 loading class kotlin/jvm/internal/CallableReference$NoReceiver done
Event: 3.369 loading class kotlin/jvm/internal/Reflection
Event: 3.369 loading class kotlin/jvm/internal/Reflection done
Event: 3.369 loading class kotlin/reflect/KClassifier
Event: 3.369 loading class kotlin/reflect/KClassifier done
Event: 3.370 loading class kotlin/reflect/jvm/internal/ReflectionFactoryImpl
Event: 3.370 loading class kotlin/reflect/jvm/internal/ReflectionFactoryImpl done


Dynamic libraries:
0x00007ff6a4760000 - 0x00007ff6a4791000 	C:\Program Files\Android\Android Studio\jre\bin\java.exe
0x00007ffe011c0000 - 0x00007ffe013b0000 	C:\WINDOWS\SYSTEM32\ntdll.dll
0x00007ffe010c0000 - 0x00007ffe01172000 	C:\WINDOWS\System32\KERNEL32.DLL
0x00007ffdfeb20000 - 0x00007ffdfedc3000 	C:\WINDOWS\System32\KERNELBASE.dll
0x00007ffe00ca0000 - 0x00007ffe00d43000 	C:\WINDOWS\System32\ADVAPI32.dll
0x00007ffdfffb0000 - 0x00007ffe0004e000 	C:\WINDOWS\System32\msvcrt.dll
0x00007ffe00050000 - 0x00007ffe000e7000 	C:\WINDOWS\System32\sechost.dll
0x00007ffdff770000 - 0x00007ffdff890000 	C:\WINDOWS\System32\RPCRT4.dll
0x00007ffe000f0000 - 0x00007ffe00284000 	C:\WINDOWS\System32\USER32.dll
0x00007ffdff1f0000 - 0x00007ffdff211000 	C:\WINDOWS\System32\win32u.dll
0x00007ffe01090000 - 0x00007ffe010b6000 	C:\WINDOWS\System32\GDI32.dll
0x00007ffdfe150000 - 0x00007ffdfe2e4000 	C:\WINDOWS\System32\gdi32full.dll
0x00007ffdfedd0000 - 0x00007ffdfee6e000 	C:\WINDOWS\System32\msvcp_win.dll
0x00007ffdfefa0000 - 0x00007ffdff09a000 	C:\WINDOWS\System32\ucrtbase.dll
0x00007ffdfd680000 - 0x00007ffdfd905000 	C:\WINDOWS\WinSxS\amd64_microsoft.windows.common-controls_6595b64144ccf1df_6.0.18362.752_none_e6c0b5ed1312b70c\COMCTL32.dll
0x00007ffe00d50000 - 0x00007ffe01086000 	C:\WINDOWS\System32\combase.dll
0x00007ffdfef20000 - 0x00007ffdfefa0000 	C:\WINDOWS\System32\bcryptPrimitives.dll
0x00007ffdff270000 - 0x00007ffdff29e000 	C:\WINDOWS\System32\IMM32.DLL
0x00000000611e0000 - 0x00000000612b2000 	C:\Program Files\Android\Android Studio\jre\jre\bin\msvcr100.dll
0x0000000060380000 - 0x0000000060bc6000 	C:\Program Files\Android\Android Studio\jre\jre\bin\server\jvm.dll
0x00007ffe00530000 - 0x00007ffe00538000 	C:\WINDOWS\System32\PSAPI.DLL
0x00007ffdf8f90000 - 0x00007ffdf8f9a000 	C:\WINDOWS\SYSTEM32\VERSION.dll
0x00007ffdea160000 - 0x00007ffdea169000 	C:\WINDOWS\SYSTEM32\WSOCK32.dll
0x00007ffdfb200000 - 0x00007ffdfb224000 	C:\WINDOWS\SYSTEM32\WINMM.dll
0x00007ffe00c30000 - 0x00007ffe00c9f000 	C:\WINDOWS\System32\WS2_32.dll
0x00007ffdfa590000 - 0x00007ffdfa5bd000 	C:\WINDOWS\SYSTEM32\WINMMBASE.dll
0x00007ffdff220000 - 0x00007ffdff26a000 	C:\WINDOWS\System32\cfgmgr32.dll
0x00007ffdf94d0000 - 0x00007ffdf94df000 	C:\Program Files\Android\Android Studio\jre\jre\bin\verify.dll
0x00007ffdf8720000 - 0x00007ffdf8749000 	C:\Program Files\Android\Android Studio\jre\jre\bin\java.dll
0x00007ffdf13d0000 - 0x00007ffdf13e6000 	C:\Program Files\Android\Android Studio\jre\jre\bin\zip.dll
0x00007ffe00540000 - 0x00007ffe00c25000 	C:\WINDOWS\System32\SHELL32.dll
0x00007ffdff960000 - 0x00007ffdffa09000 	C:\WINDOWS\System32\shcore.dll
0x00007ffdfe3a0000 - 0x00007ffdfeb20000 	C:\WINDOWS\System32\windows.storage.dll
0x00007ffdfe120000 - 0x00007ffdfe143000 	C:\WINDOWS\System32\profapi.dll
0x00007ffdfe090000 - 0x00007ffdfe0da000 	C:\WINDOWS\System32\powrprof.dll
0x00007ffdfe080000 - 0x00007ffdfe090000 	C:\WINDOWS\System32\UMPDC.dll
0x00007ffdfff50000 - 0x00007ffdfffa2000 	C:\WINDOWS\System32\shlwapi.dll
0x00007ffdfe0e0000 - 0x00007ffdfe0f1000 	C:\WINDOWS\System32\kernel.appcore.dll
0x00007ffdfef00000 - 0x00007ffdfef17000 	C:\WINDOWS\System32\cryptsp.dll
0x00007ffdf0a20000 - 0x00007ffdf0a3a000 	C:\Program Files\Android\Android Studio\jre\jre\bin\net.dll
0x00007ffdeaaa0000 - 0x00007ffdeac75000 	C:\WINDOWS\SYSTEM32\urlmon.dll
0x00007ffdeb140000 - 0x00007ffdeb3e6000 	C:\WINDOWS\SYSTEM32\iertutil.dll
0x00007ffdfd440000 - 0x00007ffdfd44c000 	C:\WINDOWS\SYSTEM32\CRYPTBASE.DLL
0x00007ffdfd270000 - 0x00007ffdfd2d7000 	C:\WINDOWS\system32\mswsock.dll
0x00007ffdf0a00000 - 0x00007ffdf0a13000 	C:\Program Files\Android\Android Studio\jre\jre\bin\nio.dll
0x00007ffdebab0000 - 0x00007ffdebad6000 	C:\Users\user\.gradle\native\30\windows-amd64\native-platform.dll
0x00007ffdf9090000 - 0x00007ffdf909d000 	C:\Program Files\Android\Android Studio\jre\jre\bin\management.dll
0x00007ffdfcde0000 - 0x00007ffdfce13000 	C:\WINDOWS\system32\rsaenh.dll
0x00007ffdfee70000 - 0x00007ffdfee96000 	C:\WINDOWS\System32\bcrypt.dll
0x00007ffdfdfa0000 - 0x00007ffdfdfc5000 	C:\WINDOWS\SYSTEM32\USERENV.dll
0x00007ffdfcf80000 - 0x00007ffdfcfba000 	C:\WINDOWS\SYSTEM32\IPHLPAPI.DLL
0x00007ffdff510000 - 0x00007ffdff518000 	C:\WINDOWS\System32\NSI.dll
0x00007ffdf3690000 - 0x00007ffdf36a6000 	C:\WINDOWS\SYSTEM32\dhcpcsvc6.DLL
0x00007ffdf3730000 - 0x00007ffdf374c000 	C:\WINDOWS\SYSTEM32\dhcpcsvc.DLL
0x00007ffdfcfc0000 - 0x00007ffdfd08a000 	C:\WINDOWS\SYSTEM32\DNSAPI.dll

VM Arguments:
jvm_args: -Xmx1536m -Dfile.encoding=windows-1252 -Duser.country=IN -Duser.language=en -Duser.variant 
java_command: org.gradle.launcher.daemon.bootstrap.GradleDaemon 5.6.4
java_class_path (initial): C:\Users\user\.gradle\wrapper\dists\gradle-5.6.4-all\ankdp27end7byghfw1q2sw75f\gradle-5.6.4\lib\gradle-launcher-5.6.4.jar
Launcher Type: SUN_STANDARD

Environment Variables:
PATH=C:\Program Files (x86)\Intel\iCLS Client\;C:\Program Files\Intel\iCLS Client\;C:\windows\system32;C:\windows;C:\windows\System32\Wbem;C:\windows\System32\WindowsPowerShell\v1.0\;C:\Program Files (x86)\Intel\Intel(R) Management Engine Components\DAL;C:\Program Files\Intel\Intel(R) Management Engine Components\DAL;C:\Program Files (x86)\Intel\Intel(R) Management Engine Components\IPT;C:\Program Files\Intel\Intel(R) Management Engine Components\IPT;C:\Program Files (x86)\NVIDIA Corporation\PhysX\Common;C:\WINDOWS\system32\config\systemprofile\.dnx\bin;C:\Program Files\Microsoft DNX\Dnvm\;C:\Program Files\Microsoft SQL Server\120\Tools\Binn\;C:\WINDOWS\system32;C:\WINDOWS;C:\WINDOWS\System32\Wbem;C:\WINDOWS\System32\WindowsPowerShell\v1.0\;C:\Program Files\Intel\WiFi\bin\;C:\Program Files\Common Files\Intel\WirelessCommon\;C:\WINDOWS\System32\OpenSSH\;C:\Users\user\AppData\Local\Microsoft\WindowsApps;
USERNAME=user
OS=Windows_NT
PROCESSOR_IDENTIFIER=Intel64 Family 6 Model 142 Stepping 10, GenuineIntel



---------------  S Y S T E M  ---------------

OS: Windows 10.0 , 64 bit Build 18362 (10.0.18362.752)

CPU:total 8 (initial active 8) (4 cores per cpu, 2 threads per core) family 6 model 142 stepping 10, cmov, cx8, fxsr, mmx, sse, sse2, sse3, ssse3, sse4.1, sse4.2, popcnt, avx, avx2, aes, clmul, erms, 3dnowpref, lzcnt, ht, tsc, tscinvbit, bmi1, bmi2, adx

Memory: 4k page, physical 8272100k(1315176k free), swap 33437924k(6396k free)

vm_info: OpenJDK 64-Bit Server VM (25.212-b04) for windows-amd64 JRE (1.8.0_212-release-1586-b04), built by "builder" with MS VC++ 10.0 (VS2010)

time: Tue Apr 07 13:58:17 2020
timezone: India Standard Time
elapsed time: 3 seconds (0d 0h 0m 3s)

