#
# There is insufficient memory for the Java Runtime Environment to continue.
# Native memory allocation (malloc) failed to allocate 1794416 bytes for Chunk::new
# Possible reasons:
#   The system is out of physical RAM or swap space
#   The process is running with CompressedOops enabled, and the Java Heap may be blocking the growth of the native heap
# Possible solutions:
#   Reduce memory load on the system
#   Increase physical memory or swap space
#   Check if swap backing store is full
#   Decrease Java heap size (-Xmx/-Xms)
#   Decrease number of Java threads
#   Decrease Java thread stack sizes (-Xss)
#   Set larger code cache with -XX:ReservedCodeCacheSize=
#   JVM is running with Unscaled Compressed Oops mode in which the Java heap is
#     placed in the first 4GB address space. The Java Heap base address is the
#     maximum limit for the native heap growth. Please use -XX:HeapBaseMinAddress
#     to set the Java Heap base and to place the Java Heap above 4GB virtual address.
# This output file may be truncated or incomplete.
#
#  Out of Memory Error (allocation.cpp:389), pid=4812, tid=0x0000000000001a58
#
# JRE version: OpenJDK Runtime Environment (8.0_212-b04) (build 1.8.0_212-release-1586-b04)
# Java VM: OpenJDK 64-Bit Server VM (25.212-b04 mixed mode windows-amd64 compressed oops)
# Failed to write core dump. Minidumps are not enabled by default on client versions of Windows
#

---------------  T H R E A D  ---------------

Current thread (0x000000001889b800):  JavaThread "C2 CompilerThread0" daemon [_thread_in_native, id=6744, stack(0x0000000019170000,0x0000000019270000)]

Stack: [0x0000000019170000,0x0000000019270000]
[error occurred during error reporting (printing stack bounds), id 0xc0000005]

Native frames: (J=compiled Java code, j=interpreted, Vv=VM code, C=native code)


Current CompileTask:
C2:  13947 3221       4       groovy.lang.MetaClassImpl::addMetaMethodToIndex (65 bytes)


---------------  P R O C E S S  ---------------

Java Threads: ( => current thread )
  0x000000001baaf800 JavaThread "Cache worker for execution history cache (C:\Users\user\.gradle\caches\5.6.4\executionHistory)" [_thread_blocked, id=8804, stack(0x0000000021480000,0x0000000021580000)]
  0x0000000019c23000 JavaThread "Cache worker for cache directory md-rule (C:\Users\user\.gradle\caches\5.6.4\md-rule)" [_thread_blocked, id=3328, stack(0x0000000021380000,0x0000000021480000)]
  0x0000000019c24000 JavaThread "Cache worker for cache directory md-supplier (C:\Users\user\.gradle\caches\5.6.4\md-supplier)" [_thread_blocked, id=4212, stack(0x000000001ff30000,0x0000000020030000)]
  0x0000000019c20000 JavaThread "Cache worker for file hash cache (C:\Users\user\AndroidStudioProjects\TourandTravels\.gradle\5.6.4\fileHashes)" [_thread_blocked, id=4480, stack(0x00000000200b0000,0x00000000201b0000)]
  0x0000000019c21800 JavaThread "Cache worker for journal cache (C:\Users\user\.gradle\caches\journal-1)" [_thread_blocked, id=2800, stack(0x000000001d690000,0x000000001d790000)]
  0x0000000019c27000 JavaThread "File lock request listener" [_thread_in_native, id=11420, stack(0x000000001d590000,0x000000001d690000)]
  0x0000000019c26000 JavaThread "Cache worker for file hash cache (C:\Users\user\.gradle\caches\5.6.4\fileHashes)" [_thread_blocked, id=7392, stack(0x000000001d490000,0x000000001d590000)]
  0x000000001b366000 JavaThread "Thread-9" [_thread_blocked, id=2340, stack(0x000000001d190000,0x000000001d290000)]
  0x000000001b355800 JavaThread "Stdin handler" [_thread_blocked, id=8524, stack(0x000000001d090000,0x000000001d190000)]
  0x000000001b352800 JavaThread "Asynchronous log dispatcher for DefaultDaemonConnection: socket connection from /127.0.0.1:1610 to /127.0.0.1:1611" [_thread_blocked, id=6972, stack(0x000000001ce90000,0x000000001cf90000)]
  0x000000001b368000 JavaThread "Daemon worker" [_thread_in_native, id=9272, stack(0x000000001cd90000,0x000000001ce90000)]
  0x000000001b350000 JavaThread "Cancel handler" [_thread_blocked, id=9268, stack(0x000000001cc90000,0x000000001cd90000)]
  0x000000001ace9000 JavaThread "Handler for socket connection from /127.0.0.1:1610 to /127.0.0.1:1611" [_thread_in_native, id=8408, stack(0x000000001c990000,0x000000001ca90000)]
  0x000000001ace8000 JavaThread "Daemon" [_thread_blocked, id=3820, stack(0x000000001c890000,0x000000001c990000)]
  0x000000001b318800 JavaThread "Daemon periodic checks" [_thread_blocked, id=4780, stack(0x000000001c790000,0x000000001c890000)]
  0x000000001978e000 JavaThread "Incoming local TCP Connector on port 1610" [_thread_in_native, id=11572, stack(0x000000001c550000,0x000000001c650000)]
  0x0000000019881000 JavaThread "Daemon health stats" [_thread_blocked, id=11864, stack(0x000000001bf10000,0x000000001c010000)]
  0x0000000018901000 JavaThread "Service Thread" daemon [_thread_blocked, id=11364, stack(0x0000000019570000,0x0000000019670000)]
  0x00000000188a3800 JavaThread "C1 CompilerThread3" daemon [_thread_blocked, id=4280, stack(0x0000000019470000,0x0000000019570000)]
  0x00000000188a0000 JavaThread "C2 CompilerThread2" daemon [_thread_blocked, id=4588, stack(0x0000000019370000,0x0000000019470000)]
  0x000000001889f000 JavaThread "C2 CompilerThread1" daemon [_thread_in_native, id=428, stack(0x0000000019270000,0x0000000019370000)]
=>0x000000001889b800 JavaThread "C2 CompilerThread0" daemon [_thread_in_native, id=6744, stack(0x0000000019170000,0x0000000019270000)]
  0x000000001889a800 JavaThread "Attach Listener" daemon [_thread_blocked, id=11704, stack(0x0000000019070000,0x0000000019170000)]
  0x00000000188a6000 JavaThread "Signal Dispatcher" daemon [_thread_blocked, id=5244, stack(0x0000000018f70000,0x0000000019070000)]
  0x0000000002cce000 JavaThread "Finalizer" daemon [_thread_blocked, id=1924, stack(0x0000000018d70000,0x0000000018e70000)]
  0x0000000002cc5000 JavaThread "Reference Handler" daemon [_thread_blocked, id=10484, stack(0x0000000018c70000,0x0000000018d70000)]
  0x0000000002a9e000 JavaThread "main" [_thread_blocked, id=4912, stack(0x0000000002ad0000,0x0000000002bd0000)]

Other Threads:
  0x0000000016a88000 VMThread [stack: 0x0000000018770000,0x0000000018870000] [id=7328]
  0x0000000018902000 WatcherThread [stack: 0x0000000019670000,0x0000000019770000] [id=7732]

VM state:not at safepoint (normal execution)

VM Mutex/Monitor currently owned by a thread: None

heap address: 0x00000000a0000000, size: 1536 MB, Compressed Oops mode: 32-bit
Narrow klass base: 0x0000000000000000, Narrow klass shift: 3
Compressed class space size: 1073741824 Address: 0x0000000100000000

Heap:
 PSYoungGen      total 91648K, used 75750K [0x00000000e0000000, 0x00000000e6c80000, 0x0000000100000000)
  eden space 79872K, 94% used [0x00000000e0000000,0x00000000e49f9880,0x00000000e4e00000)
  from space 11776K, 0% used [0x00000000e5980000,0x00000000e5980000,0x00000000e6500000)
  to   space 11776K, 0% used [0x00000000e4e00000,0x00000000e4e00000,0x00000000e5980000)
 ParOldGen       total 82432K, used 14511K [0x00000000a0000000, 0x00000000a5080000, 0x00000000e0000000)
  object space 82432K, 17% used [0x00000000a0000000,0x00000000a0e2bc98,0x00000000a5080000)
 Metaspace       used 37987K, capacity 38702K, committed 38912K, reserved 1083392K
  class space    used 5103K, capacity 5320K, committed 5376K, reserved 1048576K

Card table byte_map: [0x0000000012090000,0x00000000123a0000] byte_map_base: 0x0000000011b90000

Marking Bits: (ParMarkBitMap*) 0x0000000060b49f30
 Begin Bits: [0x0000000012da0000, 0x00000000145a0000)
 End Bits:   [0x00000000145a0000, 0x0000000015da0000)

Polling page: 0x00000000011a0000

CodeCache: size=245760Kb used=12048Kb max_used=12048Kb free=233711Kb
 bounds [0x0000000002cd0000, 0x00000000038a0000, 0x0000000011cd0000]
 total_blobs=3811 nmethods=3091 adapters=633
 compilation: enabled

Compilation events (10 events):
Event: 13.923 Thread 0x00000000188a3800 3339       3       jdk.internal.org.objectweb.asm.MethodWriter::visitTypeInsn (110 bytes)
Event: 13.923 Thread 0x00000000188a3800 nmethod 3339 0x000000000389b8d0 code [0x000000000389ba60, 0x000000000389be88]
Event: 13.932 Thread 0x00000000188a3800 3340       3       java.util.regex.Pattern$BitClass::add (97 bytes)
Event: 13.933 Thread 0x00000000188a3800 nmethod 3340 0x000000000389c090 code [0x000000000389c2a0, 0x000000000389cc18]
Event: 13.933 Thread 0x00000000188a3800 3341       3       java.util.regex.Pattern$Curly::study (153 bytes)
Event: 13.934 Thread 0x00000000188a3800 nmethod 3341 0x000000000389d110 code [0x000000000389d2a0, 0x000000000389d858]
Event: 13.937 Thread 0x00000000188a3800 3342       3       java.lang.Integer::highestOneBit (38 bytes)
Event: 13.937 Thread 0x00000000188a3800 nmethod 3342 0x000000000389da10 code [0x000000000389db60, 0x000000000389dcd0]
Event: 13.941 Thread 0x00000000188a3800 3343       3       org.gradle.util.GradleVersion::compareTo (9 bytes)
Event: 13.941 Thread 0x00000000188a3800 nmethod 3343 0x000000000389dd50 code [0x000000000389dec0, 0x000000000389e148]

GC Heap History (10 events):
Event: 9.676 GC heap before
{Heap before GC invocations=8 (full 1):
 PSYoungGen      total 41984K, used 32768K [0x00000000e0000000, 0x00000000e5480000, 0x0000000100000000)
  eden space 32768K, 100% used [0x00000000e0000000,0x00000000e2000000,0x00000000e2000000)
  from space 9216K, 0% used [0x00000000e4b80000,0x00000000e4b80000,0x00000000e5480000)
  to   space 11264K, 0% used [0x00000000e3e80000,0x00000000e3e80000,0x00000000e4980000)
 ParOldGen       total 61440K, used 9791K [0x00000000a0000000, 0x00000000a3c00000, 0x00000000e0000000)
  object space 61440K, 15% used [0x00000000a0000000,0x00000000a098fe40,0x00000000a3c00000)
 Metaspace       used 26395K, capacity 26914K, committed 27136K, reserved 1073152K
  class space    used 3548K, capacity 3720K, committed 3840K, reserved 1048576K
Event: 9.683 GC heap after
Heap after GC invocations=8 (full 1):
 PSYoungGen      total 57344K, used 4787K [0x00000000e0000000, 0x00000000e4c00000, 0x0000000100000000)
  eden space 52224K, 0% used [0x00000000e0000000,0x00000000e0000000,0x00000000e3300000)
  from space 5120K, 93% used [0x00000000e3e80000,0x00000000e432cf58,0x00000000e4380000)
  to   space 8704K, 0% used [0x00000000e4380000,0x00000000e4380000,0x00000000e4c00000)
 ParOldGen       total 61440K, used 9799K [0x00000000a0000000, 0x00000000a3c00000, 0x00000000e0000000)
  object space 61440K, 15% used [0x00000000a0000000,0x00000000a0991e40,0x00000000a3c00000)
 Metaspace       used 26395K, capacity 26914K, committed 27136K, reserved 1073152K
  class space    used 3548K, capacity 3720K, committed 3840K, reserved 1048576K
}
Event: 10.142 GC heap before
{Heap before GC invocations=9 (full 1):
 PSYoungGen      total 57344K, used 57011K [0x00000000e0000000, 0x00000000e4c00000, 0x0000000100000000)
  eden space 52224K, 100% used [0x00000000e0000000,0x00000000e3300000,0x00000000e3300000)
  from space 5120K, 93% used [0x00000000e3e80000,0x00000000e432cf58,0x00000000e4380000)
  to   space 8704K, 0% used [0x00000000e4380000,0x00000000e4380000,0x00000000e4c00000)
 ParOldGen       total 61440K, used 9799K [0x00000000a0000000, 0x00000000a3c00000, 0x00000000e0000000)
  object space 61440K, 15% used [0x00000000a0000000,0x00000000a0991e40,0x00000000a3c00000)
 Metaspace       used 29384K, capacity 29908K, committed 30080K, reserved 1075200K
  class space    used 4035K, capacity 4203K, committed 4224K, reserved 1048576K
Event: 10.151 GC heap after
Heap after GC invocations=9 (full 1):
 PSYoungGen      total 67072K, used 6609K [0x00000000e0000000, 0x00000000e6900000, 0x0000000100000000)
  eden space 58368K, 0% used [0x00000000e0000000,0x00000000e0000000,0x00000000e3900000)
  from space 8704K, 75% used [0x00000000e4380000,0x00000000e49f46b8,0x00000000e4c00000)
  to   space 10752K, 0% used [0x00000000e3900000,0x00000000e3900000,0x00000000e4380000)
 ParOldGen       total 61440K, used 9807K [0x00000000a0000000, 0x00000000a3c00000, 0x00000000e0000000)
  object space 61440K, 15% used [0x00000000a0000000,0x00000000a0993e40,0x00000000a3c00000)
 Metaspace       used 29384K, capacity 29908K, committed 30080K, reserved 1075200K
  class space    used 4035K, capacity 4203K, committed 4224K, reserved 1048576K
}
Event: 12.539 GC heap before
{Heap before GC invocations=10 (full 1):
 PSYoungGen      total 67072K, used 64977K [0x00000000e0000000, 0x00000000e6900000, 0x0000000100000000)
  eden space 58368K, 100% used [0x00000000e0000000,0x00000000e3900000,0x00000000e3900000)
  from space 8704K, 75% used [0x00000000e4380000,0x00000000e49f46b8,0x00000000e4c00000)
  to   space 10752K, 0% used [0x00000000e3900000,0x00000000e3900000,0x00000000e4380000)
 ParOldGen       total 61440K, used 9807K [0x00000000a0000000, 0x00000000a3c00000, 0x00000000e0000000)
  object space 61440K, 15% used [0x00000000a0000000,0x00000000a0993e40,0x00000000a3c00000)
 Metaspace       used 33798K, capacity 34584K, committed 34816K, reserved 1079296K
  class space    used 4543K, capacity 4743K, committed 4864K, reserved 1048576K
Event: 12.547 GC heap after
Heap after GC invocations=10 (full 1):
 PSYoungGen      total 69120K, used 10292K [0x00000000e0000000, 0x00000000e6500000, 0x0000000100000000)
  eden space 58368K, 0% used [0x00000000e0000000,0x00000000e0000000,0x00000000e3900000)
  from space 10752K, 95% used [0x00000000e3900000,0x00000000e430d350,0x00000000e4380000)
  to   space 11776K, 0% used [0x00000000e5980000,0x00000000e5980000,0x00000000e6500000)
 ParOldGen       total 61440K, used 9815K [0x00000000a0000000, 0x00000000a3c00000, 0x00000000e0000000)
  object space 61440K, 15% used [0x00000000a0000000,0x00000000a0995e40,0x00000000a3c00000)
 Metaspace       used 33798K, capacity 34584K, committed 34816K, reserved 1079296K
  class space    used 4543K, capacity 4743K, committed 4864K, reserved 1048576K
}
Event: 12.626 GC heap before
{Heap before GC invocations=11 (full 1):
 PSYoungGen      total 69120K, used 17585K [0x00000000e0000000, 0x00000000e6500000, 0x0000000100000000)
  eden space 58368K, 12% used [0x00000000e0000000,0x00000000e071f178,0x00000000e3900000)
  from space 10752K, 95% used [0x00000000e3900000,0x00000000e430d350,0x00000000e4380000)
  to   space 11776K, 0% used [0x00000000e5980000,0x00000000e5980000,0x00000000e6500000)
 ParOldGen       total 61440K, used 9815K [0x00000000a0000000, 0x00000000a3c00000, 0x00000000e0000000)
  object space 61440K, 15% used [0x00000000a0000000,0x00000000a0995e40,0x00000000a3c00000)
 Metaspace       used 34589K, capacity 35420K, committed 35496K, reserved 1079296K
  class space    used 4571K, capacity 4811K, committed 4864K, reserved 1048576K
Event: 12.634 GC heap after
Heap after GC invocations=11 (full 1):
 PSYoungGen      total 91648K, used 3621K [0x00000000e0000000, 0x00000000e6c80000, 0x0000000100000000)
  eden space 79872K, 0% used [0x00000000e0000000,0x00000000e0000000,0x00000000e4e00000)
  from space 11776K, 30% used [0x00000000e5980000,0x00000000e5d096d8,0x00000000e6500000)
  to   space 11776K, 0% used [0x00000000e4e00000,0x00000000e4e00000,0x00000000e5980000)
 ParOldGen       total 61440K, used 13458K [0x00000000a0000000, 0x00000000a3c00000, 0x00000000e0000000)
  object space 61440K, 21% used [0x00000000a0000000,0x00000000a0d249b0,0x00000000a3c00000)
 Metaspace       used 34589K, capacity 35420K, committed 35496K, reserved 1079296K
  class space    used 4571K, capacity 4811K, committed 4864K, reserved 1048576K
}
Event: 12.634 GC heap before
{Heap before GC invocations=12 (full 2):
 PSYoungGen      total 91648K, used 3621K [0x00000000e0000000, 0x00000000e6c80000, 0x0000000100000000)
  eden space 79872K, 0% used [0x00000000e0000000,0x00000000e0000000,0x00000000e4e00000)
  from space 11776K, 30% used [0x00000000e5980000,0x00000000e5d096d8,0x00000000e6500000)
  to   space 11776K, 0% used [0x00000000e4e00000,0x00000000e4e00000,0x00000000e5980000)
 ParOldGen       total 61440K, used 13458K [0x00000000a0000000, 0x00000000a3c00000, 0x00000000e0000000)
  object space 61440K, 21% used [0x00000000a0000000,0x00000000a0d249b0,0x00000000a3c00000)
 Metaspace       used 34589K, capacity 35420K, committed 35496K, reserved 1079296K
  class space    used 4571K, capacity 4811K, committed 4864K, reserved 1048576K
Event: 12.713 GC heap after
Heap after GC invocations=12 (full 2):
 PSYoungGen      total 91648K, used 0K [0x00000000e0000000, 0x00000000e6c80000, 0x0000000100000000)
  eden space 79872K, 0% used [0x00000000e0000000,0x00000000e0000000,0x00000000e4e00000)
  from space 11776K, 0% used [0x00000000e5980000,0x00000000e5980000,0x00000000e6500000)
  to   space 11776K, 0% used [0x00000000e4e00000,0x00000000e4e00000,0x00000000e5980000)
 ParOldGen       total 82432K, used 14511K [0x00000000a0000000, 0x00000000a5080000, 0x00000000e0000000)
  object space 82432K, 17% used [0x00000000a0000000,0x00000000a0e2bc98,0x00000000a5080000)
 Metaspace       used 34543K, capacity 35316K, committed 35496K, reserved 1079296K
  class space    used 4560K, capacity 4799K, committed 4864K, reserved 1048576K
}

Deoptimization events (10 events):
Event: 12.847 Thread 0x000000001b368000 Uncommon trap: reason=predicate action=maybe_recompile pc=0x000000000368f1e8 method=java.util.Arrays.binarySearch0([Ljava/lang/Object;IILjava/lang/Object;Ljava/util/Comparator;)I @ 28
Event: 13.129 Thread 0x000000001b368000 Uncommon trap: reason=range_check action=make_not_entrant pc=0x000000000351f134 method=java.lang.String.charAt(I)C @ 27
Event: 13.339 Thread 0x000000001b368000 Uncommon trap: reason=unstable_if action=reinterpret pc=0x000000000373c9a8 method=java.util.HashMap.getNode(ILjava/lang/Object;)Ljava/util/HashMap$Node; @ 53
Event: 13.339 Thread 0x000000001b368000 Uncommon trap: reason=unstable_if action=reinterpret pc=0x0000000003266314 method=java.util.HashMap.hash(Ljava/lang/Object;)I @ 1
Event: 13.480 Thread 0x000000001b368000 Uncommon trap: reason=unstable_if action=reinterpret pc=0x0000000003479654 method=java.net.URLStreamHandler.sameFile(Ljava/net/URL;Ljava/net/URL;)Z @ 63
Event: 13.600 Thread 0x000000001b368000 Uncommon trap: reason=unstable_if action=reinterpret pc=0x00000000032a9ca0 method=java.lang.ClassLoader.checkCerts(Ljava/lang/String;Ljava/security/CodeSource;)V @ 29
Event: 13.644 Thread 0x000000001b368000 Uncommon trap: reason=unstable_if action=reinterpret pc=0x00000000034e7244 method=org.gradle.internal.reflect.PropertyAccessorType.isGetGetterName(Ljava/lang/String;)Z @ 14
Event: 13.734 Thread 0x000000001b368000 Uncommon trap: reason=unstable_if action=reinterpret pc=0x00000000036652f8 method=java.util.regex.Pattern$CharProperty.match(Ljava/util/regex/Matcher;ILjava/lang/CharSequence;)Z @ 40
Event: 13.766 Thread 0x000000001b368000 Uncommon trap: reason=unstable_if action=reinterpret pc=0x0000000003497d14 method=java.util.WeakHashMap.put(Ljava/lang/Object;Ljava/lang/Object;)Ljava/lang/Object; @ 59
Event: 13.845 Thread 0x000000001b368000 Uncommon trap: reason=unstable_if action=reinterpret pc=0x00000000032ca120 method=java.net.URI.match(CJJ)Z @ 45

Classes redefined (0 events):
No events

Internal exceptions (10 events):
Event: 13.758 Thread 0x000000001b368000 Exception <a 'java/lang/ClassNotFoundException': org/gradle/api/internal/artifacts/DefaultArtifactRepositoryContainerBeanInfo> (0x00000000e36d9a98) thrown at [D:\src\AOSP-openjdk-cygwin\jdk8u\hotspot\src\share\vm\classfile\systemDictionary.cpp, line 210]
Event: 13.760 Thread 0x000000001b368000 Exception <a 'java/lang/ClassNotFoundException': org/gradle/api/internal/DefaultNamedDomainObjectListBeanInfo> (0x00000000e370cd30) thrown at [D:\src\AOSP-openjdk-cygwin\jdk8u\hotspot\src\share\vm\classfile\systemDictionary.cpp, line 210]
Event: 13.760 Thread 0x000000001b368000 Exception <a 'java/lang/ClassNotFoundException': org/gradle/api/internal/DefaultNamedDomainObjectCollectionBeanInfo> (0x00000000e3742488) thrown at [D:\src\AOSP-openjdk-cygwin\jdk8u\hotspot\src\share\vm\classfile\systemDictionary.cpp, line 210]
Event: 13.761 Thread 0x000000001b368000 Exception <a 'java/lang/ClassNotFoundException': org/gradle/api/internal/DefaultDomainObjectCollectionBeanInfo> (0x00000000e37764c0) thrown at [D:\src\AOSP-openjdk-cygwin\jdk8u\hotspot\src\share\vm\classfile\systemDictionary.cpp, line 210]
Event: 13.762 Thread 0x000000001b368000 Exception <a 'java/lang/ClassNotFoundException': org/gradle/api/internal/DefaultDomainObjectCollectionCustomizer> (0x00000000e37aafd8) thrown at [D:\src\AOSP-openjdk-cygwin\jdk8u\hotspot\src\share\vm\classfile\systemDictionary.cpp, line 210]
Event: 13.764 Thread 0x000000001b368000 Exception <a 'java/lang/ClassNotFoundException': org/gradle/api/internal/DefaultNamedDomainObjectCollectionCustomizer> (0x00000000e3808d58) thrown at [D:\src\AOSP-openjdk-cygwin\jdk8u\hotspot\src\share\vm\classfile\systemDictionary.cpp, line 210]
Event: 13.766 Thread 0x000000001b368000 Exception <a 'java/lang/ClassNotFoundException': org/gradle/api/internal/DefaultNamedDomainObjectListCustomizer> (0x00000000e3876640) thrown at [D:\src\AOSP-openjdk-cygwin\jdk8u\hotspot\src\share\vm\classfile\systemDictionary.cpp, line 210]
Event: 13.769 Thread 0x000000001b368000 Exception <a 'java/lang/ClassNotFoundException': org/gradle/api/internal/artifacts/DefaultArtifactRepositoryContainerCustomizer> (0x00000000e38eb368) thrown at [D:\src\AOSP-openjdk-cygwin\jdk8u\hotspot\src\share\vm\classfile\systemDictionary.cpp, line 210
Event: 13.771 Thread 0x000000001b368000 Exception <a 'java/lang/ClassNotFoundException': org/gradle/api/internal/artifacts/dsl/DefaultRepositoryHandlerCustomizer> (0x00000000e3950f40) thrown at [D:\src\AOSP-openjdk-cygwin\jdk8u\hotspot\src\share\vm\classfile\systemDictionary.cpp, line 210]
Event: 13.774 Thread 0x000000001b368000 Exception <a 'java/lang/ClassNotFoundException': org/gradle/api/internal/artifacts/dsl/DefaultRepositoryHandler_DecoratedCustomizer> (0x00000000e39cd2e8) thrown at [D:\src\AOSP-openjdk-cygwin\jdk8u\hotspot\src\share\vm\classfile\systemDictionary.cpp, line

Events (10 events):
Event: 13.940 loading class org/gradle/api/internal/artifacts/ivyservice/modulecache/ModuleMetadataCacheEntry
Event: 13.940 loading class org/gradle/api/internal/artifacts/ivyservice/modulecache/ModuleMetadataCacheEntry done
Event: 13.940 loading class org/gradle/api/internal/artifacts/ivyservice/modulecache/MissingModuleCacheEntry
Event: 13.940 loading class org/gradle/api/internal/artifacts/ivyservice/modulecache/MissingModuleCacheEntry done
Event: 13.941 loading class org/gradle/api/internal/artifacts/ivyservice/DefaultArtifactCacheLockingManager$CacheLockingPersistentCache
Event: 13.941 loading class org/gradle/api/internal/artifacts/ivyservice/DefaultArtifactCacheLockingManager$CacheLockingPersistentCache done
Event: 13.942 loading class org/gradle/api/internal/artifacts/ivyservice/modulecache/PersistentModuleMetadataCache$1
Event: 13.942 loading class org/gradle/api/internal/artifacts/ivyservice/modulecache/PersistentModuleMetadataCache$1 done
Event: 13.944 loading class org/gradle/api/internal/artifacts/ivyservice/DefaultArtifactCacheLockingManager$CacheLockingPersistentCache$1
Event: 13.944 loading class org/gradle/api/internal/artifacts/ivyservice/DefaultArtifactCacheLockingManager$CacheLockingPersistentCache$1 done


Dynamic libraries:
0x00007ff6a4760000 - 0x00007ff6a4791000 	C:\Program Files\Android\Android Studio\jre\bin\java.exe
0x00007ffe011c0000 - 0x00007ffe013b0000 	C:\WINDOWS\SYSTEM32\ntdll.dll
0x00007ffe010c0000 - 0x00007ffe01172000 	C:\WINDOWS\System32\KERNEL32.DLL
0x00007ffdfeb20000 - 0x00007ffdfedc3000 	C:\WINDOWS\System32\KERNELBASE.dll
0x00007ffe00ca0000 - 0x00007ffe00d43000 	C:\WINDOWS\System32\ADVAPI32.dll
0x00007ffdfffb0000 - 0x00007ffe0004e000 	C:\WINDOWS\System32\msvcrt.dll
0x00007ffe00050000 - 0x00007ffe000e7000 	C:\WINDOWS\System32\sechost.dll
0x00007ffdff770000 - 0x00007ffdff890000 	C:\WINDOWS\System32\RPCRT4.dll
0x00007ffe000f0000 - 0x00007ffe00284000 	C:\WINDOWS\System32\USER32.dll
0x00007ffdff1f0000 - 0x00007ffdff211000 	C:\WINDOWS\System32\win32u.dll
0x00007ffe01090000 - 0x00007ffe010b6000 	C:\WINDOWS\System32\GDI32.dll
0x00007ffdfe150000 - 0x00007ffdfe2e4000 	C:\WINDOWS\System32\gdi32full.dll
0x00007ffdfedd0000 - 0x00007ffdfee6e000 	C:\WINDOWS\System32\msvcp_win.dll
0x00007ffdfefa0000 - 0x00007ffdff09a000 	C:\WINDOWS\System32\ucrtbase.dll
0x00007ffdfd680000 - 0x00007ffdfd905000 	C:\WINDOWS\WinSxS\amd64_microsoft.windows.common-controls_6595b64144ccf1df_6.0.18362.752_none_e6c0b5ed1312b70c\COMCTL32.dll
0x00007ffe00d50000 - 0x00007ffe01086000 	C:\WINDOWS\System32\combase.dll
0x00007ffdfef20000 - 0x00007ffdfefa0000 	C:\WINDOWS\System32\bcryptPrimitives.dll
0x00007ffdff270000 - 0x00007ffdff29e000 	C:\WINDOWS\System32\IMM32.DLL
0x00000000611e0000 - 0x00000000612b2000 	C:\Program Files\Android\Android Studio\jre\jre\bin\msvcr100.dll
0x0000000060380000 - 0x0000000060bc6000 	C:\Program Files\Android\Android Studio\jre\jre\bin\server\jvm.dll
0x00007ffe00530000 - 0x00007ffe00538000 	C:\WINDOWS\System32\PSAPI.DLL
0x00007ffdea160000 - 0x00007ffdea169000 	C:\WINDOWS\SYSTEM32\WSOCK32.dll
0x00007ffdf8f90000 - 0x00007ffdf8f9a000 	C:\WINDOWS\SYSTEM32\VERSION.dll
0x00007ffdfb200000 - 0x00007ffdfb224000 	C:\WINDOWS\SYSTEM32\WINMM.dll
0x00007ffe00c30000 - 0x00007ffe00c9f000 	C:\WINDOWS\System32\WS2_32.dll
0x00007ffdfa590000 - 0x00007ffdfa5bd000 	C:\WINDOWS\SYSTEM32\winmmbase.dll
0x00007ffdff220000 - 0x00007ffdff26a000 	C:\WINDOWS\System32\cfgmgr32.dll
0x00007ffdf94d0000 - 0x00007ffdf94df000 	C:\Program Files\Android\Android Studio\jre\jre\bin\verify.dll
0x00007ffdf8720000 - 0x00007ffdf8749000 	C:\Program Files\Android\Android Studio\jre\jre\bin\java.dll
0x00007ffdf13d0000 - 0x00007ffdf13e6000 	C:\Program Files\Android\Android Studio\jre\jre\bin\zip.dll
0x00007ffe00540000 - 0x00007ffe00c25000 	C:\WINDOWS\System32\SHELL32.dll
0x00007ffdff960000 - 0x00007ffdffa09000 	C:\WINDOWS\System32\shcore.dll
0x00007ffdfe3a0000 - 0x00007ffdfeb20000 	C:\WINDOWS\System32\windows.storage.dll
0x00007ffdfe120000 - 0x00007ffdfe143000 	C:\WINDOWS\System32\profapi.dll
0x00007ffdfe090000 - 0x00007ffdfe0da000 	C:\WINDOWS\System32\powrprof.dll
0x00007ffdfe080000 - 0x00007ffdfe090000 	C:\WINDOWS\System32\UMPDC.dll
0x00007ffdfff50000 - 0x00007ffdfffa2000 	C:\WINDOWS\System32\shlwapi.dll
0x00007ffdfe0e0000 - 0x00007ffdfe0f1000 	C:\WINDOWS\System32\kernel.appcore.dll
0x00007ffdfef00000 - 0x00007ffdfef17000 	C:\WINDOWS\System32\cryptsp.dll
0x00007ffdf0a20000 - 0x00007ffdf0a3a000 	C:\Program Files\Android\Android Studio\jre\jre\bin\net.dll
0x00007ffdeaaa0000 - 0x00007ffdeac75000 	C:\WINDOWS\SYSTEM32\urlmon.dll
0x00007ffdeb140000 - 0x00007ffdeb3e6000 	C:\WINDOWS\SYSTEM32\iertutil.dll
0x00007ffdfd440000 - 0x00007ffdfd44c000 	C:\WINDOWS\SYSTEM32\CRYPTBASE.DLL
0x00007ffdfd270000 - 0x00007ffdfd2d7000 	C:\WINDOWS\system32\mswsock.dll
0x00007ffdf0a00000 - 0x00007ffdf0a13000 	C:\Program Files\Android\Android Studio\jre\jre\bin\nio.dll
0x00007ffdebab0000 - 0x00007ffdebad6000 	C:\Users\user\.gradle\native\30\windows-amd64\native-platform.dll
0x00007ffdf9090000 - 0x00007ffdf909d000 	C:\Program Files\Android\Android Studio\jre\jre\bin\management.dll
0x00007ffdfcde0000 - 0x00007ffdfce13000 	C:\WINDOWS\system32\rsaenh.dll
0x00007ffdfee70000 - 0x00007ffdfee96000 	C:\WINDOWS\System32\bcrypt.dll
0x00007ffdfdfa0000 - 0x00007ffdfdfc5000 	C:\WINDOWS\SYSTEM32\USERENV.dll
0x00007ffdfcf80000 - 0x00007ffdfcfba000 	C:\WINDOWS\SYSTEM32\IPHLPAPI.DLL
0x00007ffdff510000 - 0x00007ffdff518000 	C:\WINDOWS\System32\NSI.dll
0x00007ffdf3690000 - 0x00007ffdf36a6000 	C:\WINDOWS\SYSTEM32\dhcpcsvc6.DLL
0x00007ffdf3730000 - 0x00007ffdf374c000 	C:\WINDOWS\SYSTEM32\dhcpcsvc.DLL
0x00007ffdfcfc0000 - 0x00007ffdfd08a000 	C:\WINDOWS\SYSTEM32\DNSAPI.dll

VM Arguments:
jvm_args: -Xmx1536m -Dfile.encoding=windows-1252 -Duser.country=IN -Duser.language=en -Duser.variant 
java_command: org.gradle.launcher.daemon.bootstrap.GradleDaemon 5.6.4
java_class_path (initial): C:\Users\user\.gradle\wrapper\dists\gradle-5.6.4-all\ankdp27end7byghfw1q2sw75f\gradle-5.6.4\lib\gradle-launcher-5.6.4.jar
Launcher Type: SUN_STANDARD

Environment Variables:
PATH=C:\Program Files (x86)\Intel\iCLS Client\;C:\Program Files\Intel\iCLS Client\;C:\windows\system32;C:\windows;C:\windows\System32\Wbem;C:\windows\System32\WindowsPowerShell\v1.0\;C:\Program Files (x86)\Intel\Intel(R) Management Engine Components\DAL;C:\Program Files\Intel\Intel(R) Management Engine Components\DAL;C:\Program Files (x86)\Intel\Intel(R) Management Engine Components\IPT;C:\Program Files\Intel\Intel(R) Management Engine Components\IPT;C:\Program Files (x86)\NVIDIA Corporation\PhysX\Common;C:\WINDOWS\system32\config\systemprofile\.dnx\bin;C:\Program Files\Microsoft DNX\Dnvm\;C:\Program Files\Microsoft SQL Server\120\Tools\Binn\;C:\WINDOWS\system32;C:\WINDOWS;C:\WINDOWS\System32\Wbem;C:\WINDOWS\System32\WindowsPowerShell\v1.0\;C:\Program Files\Intel\WiFi\bin\;C:\Program Files\Common Files\Intel\WirelessCommon\;C:\WINDOWS\System32\OpenSSH\;C:\Users\user\AppData\Local\Microsoft\WindowsApps;
USERNAME=user
OS=Windows_NT
PROCESSOR_IDENTIFIER=Intel64 Family 6 Model 142 Stepping 10, GenuineIntel



---------------  S Y S T E M  ---------------

OS: Windows 10.0 , 64 bit Build 18362 (10.0.18362.752)

CPU:total 8 (initial active 8) (4 cores per cpu, 2 threads per core) family 6 model 142 stepping 10, cmov, cx8, fxsr, mmx, sse, sse2, sse3, ssse3, sse4.1, sse4.2, popcnt, avx, avx2, aes, clmul, erms, 3dnowpref, lzcnt, ht, tsc, tscinvbit, bmi1, bmi2, adx

Memory: 4k page, physical 8272100k(1302208k free), swap 33437924k(5324k free)

vm_info: OpenJDK 64-Bit Server VM (25.212-b04) for windows-amd64 JRE (1.8.0_212-release-1586-b04), built by "builder" with MS VC++ 10.0 (VS2010)

time: Tue Apr 07 13:57:47 2020
timezone: India Standard Time
elapsed time: 13 seconds (0d 0h 0m 13s)

